2018-04-24 23:11:11,605 INFO  o.a.catalina.core.StandardService[180] - Starting service [Tomcat]
2018-04-24 23:11:11,606 INFO  o.a.catalina.core.StandardEngine[180] - Starting Servlet Engine: Apache Tomcat/8.5.29
2018-04-24 23:11:11,614 INFO  o.a.c.c.C.[Tomcat].[localhost].[/][180] - Initializing Spring embedded WebApplicationContext
2018-04-24 23:11:11,615 INFO  o.s.web.context.ContextLoader[285] - Root WebApplicationContext: initialization completed in 416 ms
2018-04-24 23:11:11,793 INFO  o.s.b.w.s.FilterRegistrationBean[244] - Mapping filter: 'characterEncodingFilter' to: [/*]
2018-04-24 23:11:11,794 INFO  o.s.b.w.s.FilterRegistrationBean[244] - Mapping filter: 'hiddenHttpMethodFilter' to: [/*]
2018-04-24 23:11:11,794 INFO  o.s.b.w.s.FilterRegistrationBean[244] - Mapping filter: 'httpPutFormContentFilter' to: [/*]
2018-04-24 23:11:11,794 INFO  o.s.b.w.s.FilterRegistrationBean[244] - Mapping filter: 'requestContextFilter' to: [/*]
2018-04-24 23:11:11,794 INFO  o.s.b.w.s.DelegatingFilterProxyRegistrationBean[244] - Mapping filter: 'springSecurityFilterChain' to: [/*]
2018-04-24 23:11:11,794 INFO  o.s.b.w.s.FilterRegistrationBean[244] - Mapping filter: 'httpTraceFilter' to: [/*]
2018-04-24 23:11:11,794 INFO  o.s.b.w.s.FilterRegistrationBean[244] - Mapping filter: 'webMvcMetricsFilter' to: [/*]
2018-04-24 23:11:11,794 INFO  o.s.b.w.s.ServletRegistrationBean[185] - Servlet dispatcherServlet mapped to [/]
2018-04-24 23:11:11,820 INFO  com.zaxxer.hikari.HikariDataSource[110] - DatebookHikariCP - Starting...
2018-04-24 23:11:11,826 INFO  com.zaxxer.hikari.HikariDataSource[123] - DatebookHikariCP - Start completed.
2018-04-24 23:11:11,831 INFO  o.s.o.j.LocalContainerEntityManagerFactoryBean[361] - Building JPA container EntityManagerFactory for persistence unit 'default'
2018-04-24 23:11:11,832 INFO  o.h.jpa.internal.util.LogHelper[31] - HHH000204: Processing PersistenceUnitInfo [
	name: default
	...]
2018-04-24 23:11:11,836 INFO  org.hibernate.dialect.Dialect[157] - HHH000400: Using dialect: org.hibernate.dialect.MySQL5Dialect
2018-04-24 23:11:11,858 INFO  o.s.o.j.LocalContainerEntityManagerFactoryBean[415] - Initialized JPA EntityManagerFactory for persistence unit 'default'
2018-04-24 23:11:11,868 INFO  o.s.o.j.LocalContainerEntityManagerFactoryBean[597] - Closing JPA EntityManagerFactory for persistence unit 'default'
2018-04-24 23:11:11,869 INFO  com.zaxxer.hikari.HikariDataSource[381] - DatebookHikariCP - Shutdown initiated...
2018-04-24 23:11:11,869 INFO  com.zaxxer.hikari.HikariDataSource[383] - DatebookHikariCP - Shutdown completed.
2018-04-24 23:11:11,870 INFO  o.a.catalina.core.StandardService[180] - Stopping service [Tomcat]
2018-04-24 23:11:11,880 INFO  o.s.b.a.l.ConditionEvaluationReportLoggingListener[101] - 

Error starting ApplicationContext. To display the conditions report re-run your application with 'debug' enabled.
