2018-04-25 18:48:25,732 INFO  o.a.catalina.core.StandardService[180] - Starting service [Tomcat]
2018-04-25 18:48:25,733 INFO  o.a.catalina.core.StandardEngine[180] - Starting Servlet Engine: Apache Tomcat/8.5.29
2018-04-25 18:48:25,737 INFO  o.a.c.c.C.[Tomcat-1].[localhost].[/][180] - Initializing Spring embedded WebApplicationContext
2018-04-25 18:48:25,738 INFO  o.s.web.context.ContextLoader[285] - Root WebApplicationContext: initialization completed in 352 ms
2018-04-25 18:48:25,883 INFO  o.s.b.w.s.ServletRegistrationBean[185] - Servlet dispatcherServlet mapped to [/]
2018-04-25 18:48:25,884 INFO  o.s.b.w.s.FilterRegistrationBean[244] - Mapping filter: 'characterEncodingFilter' to: [/*]
2018-04-25 18:48:25,884 INFO  o.s.b.w.s.FilterRegistrationBean[244] - Mapping filter: 'hiddenHttpMethodFilter' to: [/*]
2018-04-25 18:48:25,884 INFO  o.s.b.w.s.FilterRegistrationBean[244] - Mapping filter: 'httpPutFormContentFilter' to: [/*]
2018-04-25 18:48:25,884 INFO  o.s.b.w.s.FilterRegistrationBean[244] - Mapping filter: 'requestContextFilter' to: [/*]
2018-04-25 18:48:25,884 INFO  o.s.b.w.s.FilterRegistrationBean[244] - Mapping filter: 'httpTraceFilter' to: [/*]
2018-04-25 18:48:25,884 INFO  o.s.b.w.s.FilterRegistrationBean[244] - Mapping filter: 'webMvcMetricsFilter' to: [/*]
2018-04-25 18:48:25,905 INFO  com.zaxxer.hikari.HikariDataSource[110] - DatebookHikariCP - Starting...
2018-04-25 18:48:25,910 INFO  com.zaxxer.hikari.HikariDataSource[123] - DatebookHikariCP - Start completed.
2018-04-25 18:48:25,914 INFO  o.s.o.j.LocalContainerEntityManagerFactoryBean[361] - Building JPA container EntityManagerFactory for persistence unit 'default'
2018-04-25 18:48:25,914 INFO  o.h.jpa.internal.util.LogHelper[31] - HHH000204: Processing PersistenceUnitInfo [
	name: default
	...]
2018-04-25 18:48:25,918 INFO  org.hibernate.dialect.Dialect[157] - HHH000400: Using dialect: org.hibernate.dialect.MySQL5Dialect
2018-04-25 18:48:25,977 INFO  o.s.o.j.LocalContainerEntityManagerFactoryBean[415] - Initialized JPA EntityManagerFactory for persistence unit 'default'
2018-04-25 18:48:26,018 INFO  o.s.w.s.h.SimpleUrlHandlerMapping[373] - Mapped URL path [/**/favicon.ico] onto handler of type [class org.springframework.web.servlet.resource.ResourceHttpRequestHandler]
2018-04-25 18:48:26,087 INFO  o.s.w.s.m.m.a.RequestMappingHandlerAdapter[574] - Looking for @ControllerAdvice: org.springframework.boot.web.servlet.context.AnnotationConfigServletWebServerApplicationContext@5a97205: startup date [Wed Apr 25 18:48:25 CST 2018]; root of context hierarchy
2018-04-25 18:48:26,097 INFO  o.s.w.s.m.m.a.RequestMappingHandlerMapping[547] - Mapped "{[/getUserInfos]}" onto public java.util.List<com.lyn.template.authority.entity.UserInfo> com.lyn.template.authority.controller.UserController.getUserInfos()
2018-04-25 18:48:26,100 INFO  o.s.w.s.m.m.a.RequestMappingHandlerMapping[547] - Mapped "{[/error]}" onto public org.springframework.http.ResponseEntity<java.util.Map<java.lang.String, java.lang.Object>> org.springframework.boot.autoconfigure.web.servlet.error.BasicErrorController.error(javax.servlet.http.HttpServletRequest)
2018-04-25 18:48:26,100 INFO  o.s.w.s.m.m.a.RequestMappingHandlerMapping[547] - Mapped "{[/error],produces=[text/html]}" onto public org.springframework.web.servlet.ModelAndView org.springframework.boot.autoconfigure.web.servlet.error.BasicErrorController.errorHtml(javax.servlet.http.HttpServletRequest,javax.servlet.http.HttpServletResponse)
2018-04-25 18:48:26,113 INFO  o.s.w.s.h.SimpleUrlHandlerMapping[373] - Mapped URL path [/webjars/**] onto handler of type [class org.springframework.web.servlet.resource.ResourceHttpRequestHandler]
2018-04-25 18:48:26,113 INFO  o.s.w.s.h.SimpleUrlHandlerMapping[373] - Mapped URL path [/**] onto handler of type [class org.springframework.web.servlet.resource.ResourceHttpRequestHandler]
